# JRE version: Java(TM) SE Runtime Environment (8.0_111-b14) (build 1.8.0_111-b14)
# Java VM: Java HotSpot(TM) 64-Bit Server VM (25.111-b14 mixed mode windows-amd64 compressed oops)
Heap:
 PSYoungGen      total 200192K, used 36718K [0x00000000eae00000, 0x00000000fc280000, 0x0000000100000000)
  eden space 188928K, 13% used [0x00000000eae00000,0x00000000ec6e0918,0x00000000f6680000)
  from space 11264K, 99% used [0x00000000f6680000,0x00000000f717b120,0x00000000f7180000)
  to   space 14848K, 0% used [0x00000000fb400000,0x00000000fb400000,0x00000000fc280000)
 ParOldGen       total 56832K, used 29083K [0x00000000c0a00000, 0x00000000c4180000, 0x00000000eae00000)
  object space 56832K, 51% used [0x00000000c0a00000,0x00000000c2666da0,0x00000000c4180000)
 Metaspace       used 48745K, capacity 50890K, committed 51160K, reserved 1093632K
  class space    used 6415K, capacity 6785K, committed 6912K, reserved 1048576K
GC Heap History (10 events):
Event: 7.836 GC heap before
{Heap before GC invocations=11 (full 1):
 PSYoungGen      total 115200K, used 47771K [0x00000000eae00000, 0x00000000f5300000, 0x0000000100000000)
  eden space 104960K, 35% used [0x00000000eae00000,0x00000000ed2aa9a8,0x00000000f1480000)
  from space 10240K, 99% used [0x00000000f1480000,0x00000000f1e7c610,0x00000000f1e80000)
  to   space 12800K, 0% used [0x00000000f4680000,0x00000000f4680000,0x00000000f5300000)
 ParOldGen       total 33280K, used 11809K [0x00000000c0a00000, 0x00000000c2a80000, 0x00000000eae00000)
  object space 33280K, 35% used [0x00000000c0a00000,0x00000000c15886c8,0x00000000c2a80000)
 Metaspace       used 34021K, capacity 35296K, committed 35416K, reserved 1079296K
  class space    used 4383K, capacity 4650K, committed 4736K, reserved 1048576K
Event: 7.850 GC heap after
Heap after GC invocations=11 (full 1):
 PSYoungGen      total 156672K, used 6348K [0x00000000eae00000, 0x00000000f5300000, 0x0000000100000000)
  eden space 143872K, 0% used [0x00000000eae00000,0x00000000eae00000,0x00000000f3a80000)
  from space 12800K, 49% used [0x00000000f4680000,0x00000000f4cb30e0,0x00000000f5300000)
  to   space 12288K, 0% used [0x00000000f3a80000,0x00000000f3a80000,0x00000000f4680000)
 ParOldGen       total 33280K, used 18674K [0x00000000c0a00000, 0x00000000c2a80000, 0x00000000eae00000)
  object space 33280K, 56% used [0x00000000c0a00000,0x00000000c1c3c830,0x00000000c2a80000)
 Metaspace       used 34021K, capacity 35296K, committed 35416K, reserved 1079296K
  class space    used 4383K, capacity 4650K, committed 4736K, reserved 1048576K
}
Event: 7.851 GC heap before
{Heap before GC invocations=12 (full 2):
 PSYoungGen      total 156672K, used 6348K [0x00000000eae00000, 0x00000000f5300000, 0x0000000100000000)
  eden space 143872K, 0% used [0x00000000eae00000,0x00000000eae00000,0x00000000f3a80000)
  from space 12800K, 49% used [0x00000000f4680000,0x00000000f4cb30e0,0x00000000f5300000)
  to   space 12288K, 0% used [0x00000000f3a80000,0x00000000f3a80000,0x00000000f4680000)
 ParOldGen       total 33280K, used 18674K [0x00000000c0a00000, 0x00000000c2a80000, 0x00000000eae00000)
  object space 33280K, 56% used [0x00000000c0a00000,0x00000000c1c3c830,0x00000000c2a80000)
 Metaspace       used 34021K, capacity 35296K, committed 35416K, reserved 1079296K
  class space    used 4383K, capacity 4650K, committed 4736K, reserved 1048576K
Event: 7.910 GC heap after
Heap after GC invocations=12 (full 2):
 PSYoungGen      total 156672K, used 0K [0x00000000eae00000, 0x00000000f5300000, 0x0000000100000000)
  eden space 143872K, 0% used [0x00000000eae00000,0x00000000eae00000,0x00000000f3a80000)
  from space 12800K, 0% used [0x00000000f4680000,0x00000000f4680000,0x00000000f5300000)
  to   space 12288K, 0% used [0x00000000f3a80000,0x00000000f3a80000,0x00000000f4680000)
 ParOldGen       total 56832K, used 18644K [0x00000000c0a00000, 0x00000000c4180000, 0x00000000eae00000)
  object space 56832K, 32% used [0x00000000c0a00000,0x00000000c1c352b8,0x00000000c4180000)
 Metaspace       used 34021K, capacity 35296K, committed 35416K, reserved 1079296K
  class space    used 4383K, capacity 4650K, committed 4736K, reserved 1048576K
}
Event: 11.974 GC heap before
{Heap before GC invocations=13 (full 2):
 PSYoungGen      total 156672K, used 143872K [0x00000000eae00000, 0x00000000f5300000, 0x0000000100000000)
  eden space 143872K, 100% used [0x00000000eae00000,0x00000000f3a80000,0x00000000f3a80000)
  from space 12800K, 0% used [0x00000000f4680000,0x00000000f4680000,0x00000000f5300000)
  to   space 12288K, 0% used [0x00000000f3a80000,0x00000000f3a80000,0x00000000f4680000)
 ParOldGen       total 56832K, used 18644K [0x00000000c0a00000, 0x00000000c4180000, 0x00000000eae00000)
  object space 56832K, 32% used [0x00000000c0a00000,0x00000000c1c352b8,0x00000000c4180000)
 Metaspace       used 37068K, capacity 38666K, committed 38872K, reserved 1083392K
  class space    used 4792K, capacity 5087K, committed 5120K, reserved 1048576K
Event: 11.982 GC heap after
Heap after GC invocations=13 (full 2):
 PSYoungGen      total 156160K, used 6341K [0x00000000eae00000, 0x00000000f7d00000, 0x0000000100000000)
  eden space 143872K, 0% used [0x00000000eae00000,0x00000000eae00000,0x00000000f3a80000)
  from space 12288K, 51% used [0x00000000f3a80000,0x00000000f40b17c0,0x00000000f4680000)
  to   space 11776K, 0% used [0x00000000f7180000,0x00000000f7180000,0x00000000f7d00000)
 ParOldGen       total 56832K, used 18652K [0x00000000c0a00000, 0x00000000c4180000, 0x00000000eae00000)
  object space 56832K, 32% used [0x00000000c0a00000,0x00000000c1c372b8,0x00000000c4180000)
 Metaspace       used 37068K, capacity 38666K, committed 38872K, reserved 1083392K
  class space    used 4792K, capacity 5087K, committed 5120K, reserved 1048576K
}
Event: 13.365 GC heap before
{Heap before GC invocations=14 (full 2):
 PSYoungGen      total 156160K, used 150213K [0x00000000eae00000, 0x00000000f7d00000, 0x0000000100000000)
  eden space 143872K, 100% used [0x00000000eae00000,0x00000000f3a80000,0x00000000f3a80000)
  from space 12288K, 51% used [0x00000000f3a80000,0x00000000f40b17c0,0x00000000f4680000)
  to   space 11776K, 0% used [0x00000000f7180000,0x00000000f7180000,0x00000000f7d00000)
 ParOldGen       total 56832K, used 18652K [0x00000000c0a00000, 0x00000000c4180000, 0x00000000eae00000)
  object space 56832K, 32% used [0x00000000c0a00000,0x00000000c1c372b8,0x00000000c4180000)
 Metaspace       used 40248K, capacity 42062K, committed 42200K, reserved 1085440K
  class space    used 5212K, capacity 5545K, committed 5632K, reserved 1048576K
Event: 13.394 GC heap after
Heap after GC invocations=14 (full 2):
 PSYoungGen      total 200704K, used 7014K [0x00000000eae00000, 0x00000000f7f80000, 0x0000000100000000)
  eden space 188928K, 0% used [0x00000000eae00000,0x00000000eae00000,0x00000000f6680000)
  from space 11776K, 59% used [0x00000000f7180000,0x00000000f7859bf8,0x00000000f7d00000)
  to   space 11264K, 0% used [0x00000000f6680000,0x00000000f6680000,0x00000000f7180000)
 ParOldGen       total 56832K, used 22931K [0x00000000c0a00000, 0x00000000c4180000, 0x00000000eae00000)
  object space 56832K, 40% used [0x00000000c0a00000,0x00000000c2064cb8,0x00000000c4180000)
 Metaspace       used 40248K, capacity 42062K, committed 42200K, reserved 1085440K
  class space    used 5212K, capacity 5545K, committed 5632K, reserved 1048576K
}
Event: 14.811 GC heap before
{Heap before GC invocations=15 (full 2):
 PSYoungGen      total 200704K, used 195942K [0x00000000eae00000, 0x00000000f7f80000, 0x0000000100000000)
  eden space 188928K, 100% used [0x00000000eae00000,0x00000000f6680000,0x00000000f6680000)
  from space 11776K, 59% used [0x00000000f7180000,0x00000000f7859bf8,0x00000000f7d00000)
  to   space 11264K, 0% used [0x00000000f6680000,0x00000000f6680000,0x00000000f7180000)
 ParOldGen       total 56832K, used 22931K [0x00000000c0a00000, 0x00000000c4180000, 0x00000000eae00000)
  object space 56832K, 40% used [0x00000000c0a00000,0x00000000c2064cb8,0x00000000c4180000)
 Metaspace       used 47696K, capacity 49850K, committed 49880K, reserved 1093632K
  class space    used 6261K, capacity 6655K, committed 6656K, reserved 1048576K
Event: 14.835 GC heap after
Heap after GC invocations=15 (full 2):
 PSYoungGen      total 200192K, used 11244K [0x00000000eae00000, 0x00000000fc280000, 0x0000000100000000)
  eden space 188928K, 0% used [0x00000000eae00000,0x00000000eae00000,0x00000000f6680000)
  from space 11264K, 99% used [0x00000000f6680000,0x00000000f717b120,0x00000000f7180000)
  to   space 14848K, 0% used [0x00000000fb400000,0x00000000fb400000,0x00000000fc280000)
 ParOldGen       total 56832K, used 29083K [0x00000000c0a00000, 0x00000000c4180000, 0x00000000eae00000)
  object space 56832K, 51% used [0x00000000c0a00000,0x00000000c2666da0,0x00000000c4180000)
 Metaspace       used 47696K, capacity 49850K, committed 49880K, reserved 1093632K
  class space    used 6261K, capacity 6655K, committed 6656K, reserved 1048576K
}

