# JRE version: Java(TM) SE Runtime Environment (8.0_111-b14) (build 1.8.0_111-b14)
# Java VM: Java HotSpot(TM) 64-Bit Server VM (25.111-b14 mixed mode windows-amd64 compressed oops)
Heap:
 PSYoungGen      total 152064K, used 12654K [0x00000000eae00000, 0x00000000f7680000, 0x0000000100000000)
  eden space 139776K, 4% used [0x00000000eae00000,0x00000000eb436980,0x00000000f3680000)
  from space 12288K, 51% used [0x00000000f3680000,0x00000000f3ca5170,0x00000000f4280000)
  to   space 11776K, 0% used [0x00000000f6b00000,0x00000000f6b00000,0x00000000f7680000)
 ParOldGen       total 57856K, used 18923K [0x00000000c0a00000, 0x00000000c4280000, 0x00000000eae00000)
  object space 57856K, 32% used [0x00000000c0a00000,0x00000000c1c7ac60,0x00000000c4280000)
 Metaspace       used 37235K, capacity 38918K, committed 39256K, reserved 1083392K
  class space    used 4813K, capacity 5125K, committed 5248K, reserved 1048576K
GC Heap History (10 events):
Event: 6.745 GC heap before
{Heap before GC invocations=9 (full 1):
 PSYoungGen      total 72704K, used 72697K [0x00000000eae00000, 0x00000000f2680000, 0x0000000100000000)
  eden space 65536K, 100% used [0x00000000eae00000,0x00000000eee00000,0x00000000eee00000)
  from space 7168K, 99% used [0x00000000eee00000,0x00000000ef4fe6b8,0x00000000ef500000)
  to   space 8704K, 0% used [0x00000000f1e00000,0x00000000f1e00000,0x00000000f2680000)
 ParOldGen       total 33792K, used 7458K [0x00000000c0a00000, 0x00000000c2b00000, 0x00000000eae00000)
  object space 33792K, 22% used [0x00000000c0a00000,0x00000000c1148a78,0x00000000c2b00000)
 Metaspace       used 28323K, capacity 29270K, committed 29568K, reserved 1075200K
  class space    used 3646K, capacity 3873K, committed 3968K, reserved 1048576K
Event: 6.752 GC heap after
Heap after GC invocations=9 (full 1):
 PSYoungGen      total 111616K, used 8688K [0x00000000eae00000, 0x00000000f2680000, 0x0000000100000000)
  eden space 102912K, 0% used [0x00000000eae00000,0x00000000eae00000,0x00000000f1280000)
  from space 8704K, 99% used [0x00000000f1e00000,0x00000000f267c190,0x00000000f2680000)
  to   space 10240K, 0% used [0x00000000f1280000,0x00000000f1280000,0x00000000f1c80000)
 ParOldGen       total 33792K, used 8520K [0x00000000c0a00000, 0x00000000c2b00000, 0x00000000eae00000)
  object space 33792K, 25% used [0x00000000c0a00000,0x00000000c12523a8,0x00000000c2b00000)
 Metaspace       used 28323K, capacity 29270K, committed 29568K, reserved 1075200K
  class space    used 3646K, capacity 3873K, committed 3968K, reserved 1048576K
}
Event: 7.492 GC heap before
{Heap before GC invocations=10 (full 1):
 PSYoungGen      total 111616K, used 111600K [0x00000000eae00000, 0x00000000f2680000, 0x0000000100000000)
  eden space 102912K, 100% used [0x00000000eae00000,0x00000000f1280000,0x00000000f1280000)
  from space 8704K, 99% used [0x00000000f1e00000,0x00000000f267c190,0x00000000f2680000)
  to   space 10240K, 0% used [0x00000000f1280000,0x00000000f1280000,0x00000000f1c80000)
 ParOldGen       total 33792K, used 8520K [0x00000000c0a00000, 0x00000000c2b00000, 0x00000000eae00000)
  object space 33792K, 25% used [0x00000000c0a00000,0x00000000c12523a8,0x00000000c2b00000)
 Metaspace       used 32091K, capacity 33152K, committed 33408K, reserved 1079296K
  class space    used 4153K, capacity 4384K, committed 4480K, reserved 1048576K
Event: 7.505 GC heap after
Heap after GC invocations=10 (full 1):
 PSYoungGen      total 113152K, used 10230K [0x00000000eae00000, 0x00000000f5000000, 0x0000000100000000)
  eden space 102912K, 0% used [0x00000000eae00000,0x00000000eae00000,0x00000000f1280000)
  from space 10240K, 99% used [0x00000000f1280000,0x00000000f1c7dbf0,0x00000000f1c80000)
  to   space 12800K, 0% used [0x00000000f4380000,0x00000000f4380000,0x00000000f5000000)
 ParOldGen       total 33792K, used 11689K [0x00000000c0a00000, 0x00000000c2b00000, 0x00000000eae00000)
  object space 33792K, 34% used [0x00000000c0a00000,0x00000000c156a578,0x00000000c2b00000)
 Metaspace       used 32091K, capacity 33152K, committed 33408K, reserved 1079296K
  class space    used 4153K, capacity 4384K, committed 4480K, reserved 1048576K
}
Event: 8.402 GC heap before
{Heap before GC invocations=11 (full 1):
 PSYoungGen      total 113152K, used 50241K [0x00000000eae00000, 0x00000000f5000000, 0x0000000100000000)
  eden space 102912K, 38% used [0x00000000eae00000,0x00000000ed512b40,0x00000000f1280000)
  from space 10240K, 99% used [0x00000000f1280000,0x00000000f1c7dbf0,0x00000000f1c80000)
  to   space 12800K, 0% used [0x00000000f4380000,0x00000000f4380000,0x00000000f5000000)
 ParOldGen       total 33792K, used 11689K [0x00000000c0a00000, 0x00000000c2b00000, 0x00000000eae00000)
  object space 33792K, 34% used [0x00000000c0a00000,0x00000000c156a578,0x00000000c2b00000)
 Metaspace       used 34026K, capacity 35296K, committed 35416K, reserved 1079296K
  class space    used 4388K, capacity 4650K, committed 4736K, reserved 1048576K
Event: 8.412 GC heap after
Heap after GC invocations=11 (full 1):
 PSYoungGen      total 151040K, used 6408K [0x00000000eae00000, 0x00000000f4e80000, 0x0000000100000000)
  eden space 139776K, 0% used [0x00000000eae00000,0x00000000eae00000,0x00000000f3680000)
  from space 11264K, 56% used [0x00000000f4380000,0x00000000f49c2340,0x00000000f4e80000)
  to   space 12288K, 0% used [0x00000000f3680000,0x00000000f3680000,0x00000000f4280000)
 ParOldGen       total 33792K, used 18456K [0x00000000c0a00000, 0x00000000c2b00000, 0x00000000eae00000)
  object space 33792K, 54% used [0x00000000c0a00000,0x00000000c1c062c0,0x00000000c2b00000)
 Metaspace       used 34026K, capacity 35296K, committed 35416K, reserved 1079296K
  class space    used 4388K, capacity 4650K, committed 4736K, reserved 1048576K
}
Event: 8.412 GC heap before
{Heap before GC invocations=12 (full 2):
 PSYoungGen      total 151040K, used 6408K [0x00000000eae00000, 0x00000000f4e80000, 0x0000000100000000)
  eden space 139776K, 0% used [0x00000000eae00000,0x00000000eae00000,0x00000000f3680000)
  from space 11264K, 56% used [0x00000000f4380000,0x00000000f49c2340,0x00000000f4e80000)
  to   space 12288K, 0% used [0x00000000f3680000,0x00000000f3680000,0x00000000f4280000)
 ParOldGen       total 33792K, used 18456K [0x00000000c0a00000, 0x00000000c2b00000, 0x00000000eae00000)
  object space 33792K, 54% used [0x00000000c0a00000,0x00000000c1c062c0,0x00000000c2b00000)
 Metaspace       used 34026K, capacity 35296K, committed 35416K, reserved 1079296K
  class space    used 4388K, capacity 4650K, committed 4736K, reserved 1048576K
Event: 8.461 GC heap after
Heap after GC invocations=12 (full 2):
 PSYoungGen      total 151040K, used 0K [0x00000000eae00000, 0x00000000f4e80000, 0x0000000100000000)
  eden space 139776K, 0% used [0x00000000eae00000,0x00000000eae00000,0x00000000f3680000)
  from space 11264K, 0% used [0x00000000f4380000,0x00000000f4380000,0x00000000f4e80000)
  to   space 12288K, 0% used [0x00000000f3680000,0x00000000f3680000,0x00000000f4280000)
 ParOldGen       total 57856K, used 18915K [0x00000000c0a00000, 0x00000000c4280000, 0x00000000eae00000)
  object space 57856K, 32% used [0x00000000c0a00000,0x00000000c1c78c60,0x00000000c4280000)
 Metaspace       used 34026K, capacity 35296K, committed 35416K, reserved 1079296K
  class space    used 4388K, capacity 4650K, committed 4736K, reserved 1048576K
}
Event: 12.593 GC heap before
{Heap before GC invocations=13 (full 2):
 PSYoungGen      total 151040K, used 139776K [0x00000000eae00000, 0x00000000f4e80000, 0x0000000100000000)
  eden space 139776K, 100% used [0x00000000eae00000,0x00000000f3680000,0x00000000f3680000)
  from space 11264K, 0% used [0x00000000f4380000,0x00000000f4380000,0x00000000f4e80000)
  to   space 12288K, 0% used [0x00000000f3680000,0x00000000f3680000,0x00000000f4280000)
 ParOldGen       total 57856K, used 18915K [0x00000000c0a00000, 0x00000000c4280000, 0x00000000eae00000)
  object space 57856K, 32% used [0x00000000c0a00000,0x00000000c1c78c60,0x00000000c4280000)
 Metaspace       used 37055K, capacity 38664K, committed 38872K, reserved 1083392K
  class space    used 4790K, capacity 5086K, committed 5120K, reserved 1048576K
Event: 12.600 GC heap after
Heap after GC invocations=13 (full 2):
 PSYoungGen      total 152064K, used 6292K [0x00000000eae00000, 0x00000000f7680000, 0x0000000100000000)
  eden space 139776K, 0% used [0x00000000eae00000,0x00000000eae00000,0x00000000f3680000)
  from space 12288K, 51% used [0x00000000f3680000,0x00000000f3ca5170,0x00000000f4280000)
  to   space 11776K, 0% used [0x00000000f6b00000,0x00000000f6b00000,0x00000000f7680000)
 ParOldGen       total 57856K, used 18923K [0x00000000c0a00000, 0x00000000c4280000, 0x00000000eae00000)
  object space 57856K, 32% used [0x00000000c0a00000,0x00000000c1c7ac60,0x00000000c4280000)
 Metaspace       used 37055K, capacity 38664K, committed 38872K, reserved 1083392K
  class space    used 4790K, capacity 5086K, committed 5120K, reserved 1048576K
}

