# JRE version: Java(TM) SE Runtime Environment (8.0_111-b14) (build 1.8.0_111-b14)
# Java VM: Java HotSpot(TM) 64-Bit Server VM (25.111-b14 mixed mode windows-amd64 compressed oops)
Heap:
 PSYoungGen      total 193536K, used 43362K [0x00000000eae00000, 0x00000000fac80000, 0x0000000100000000)
  eden space 180736K, 17% used [0x00000000eae00000,0x00000000eccd3cd8,0x00000000f5e80000)
  from space 12800K, 92% used [0x00000000f5e80000,0x00000000f6a04f20,0x00000000f6b00000)
  to   space 13824K, 0% used [0x00000000f9f00000,0x00000000f9f00000,0x00000000fac80000)
 ParOldGen       total 57344K, used 27402K [0x00000000c0a00000, 0x00000000c4200000, 0x00000000eae00000)
  object space 57344K, 47% used [0x00000000c0a00000,0x00000000c24c2ab8,0x00000000c4200000)
 Metaspace       used 47979K, capacity 50150K, committed 50520K, reserved 1093632K
  class space    used 6298K, capacity 6689K, committed 6784K, reserved 1048576K
GC Heap History (10 events):
Event: 7.010 GC heap before
{Heap before GC invocations=11 (full 1):
 PSYoungGen      total 113664K, used 53236K [0x00000000eae00000, 0x00000000f5080000, 0x0000000100000000)
  eden space 103936K, 41% used [0x00000000eae00000,0x00000000ed882e58,0x00000000f1380000)
  from space 9728K, 99% used [0x00000000f1380000,0x00000000f1cfa528,0x00000000f1d00000)
  to   space 12288K, 0% used [0x00000000f4480000,0x00000000f4480000,0x00000000f5080000)
 ParOldGen       total 34816K, used 11504K [0x00000000c0a00000, 0x00000000c2c00000, 0x00000000eae00000)
  object space 34816K, 33% used [0x00000000c0a00000,0x00000000c153c120,0x00000000c2c00000)
 Metaspace       used 34016K, capacity 35296K, committed 35416K, reserved 1079296K
  class space    used 4381K, capacity 4650K, committed 4736K, reserved 1048576K
Event: 7.022 GC heap after
Heap after GC invocations=11 (full 1):
 PSYoungGen      total 154112K, used 6661K [0x00000000eae00000, 0x00000000f5000000, 0x0000000100000000)
  eden space 142336K, 0% used [0x00000000eae00000,0x00000000eae00000,0x00000000f3900000)
  from space 11776K, 56% used [0x00000000f4480000,0x00000000f4b01750,0x00000000f5000000)
  to   space 11776K, 0% used [0x00000000f3900000,0x00000000f3900000,0x00000000f4480000)
 ParOldGen       total 34816K, used 17581K [0x00000000c0a00000, 0x00000000c2c00000, 0x00000000eae00000)
  object space 34816K, 50% used [0x00000000c0a00000,0x00000000c1b2b448,0x00000000c2c00000)
 Metaspace       used 34016K, capacity 35296K, committed 35416K, reserved 1079296K
  class space    used 4381K, capacity 4650K, committed 4736K, reserved 1048576K
}
Event: 7.022 GC heap before
{Heap before GC invocations=12 (full 2):
 PSYoungGen      total 154112K, used 6661K [0x00000000eae00000, 0x00000000f5000000, 0x0000000100000000)
  eden space 142336K, 0% used [0x00000000eae00000,0x00000000eae00000,0x00000000f3900000)
  from space 11776K, 56% used [0x00000000f4480000,0x00000000f4b01750,0x00000000f5000000)
  to   space 11776K, 0% used [0x00000000f3900000,0x00000000f3900000,0x00000000f4480000)
 ParOldGen       total 34816K, used 17581K [0x00000000c0a00000, 0x00000000c2c00000, 0x00000000eae00000)
  object space 34816K, 50% used [0x00000000c0a00000,0x00000000c1b2b448,0x00000000c2c00000)
 Metaspace       used 34016K, capacity 35296K, committed 35416K, reserved 1079296K
  class space    used 4381K, capacity 4650K, committed 4736K, reserved 1048576K
Event: 7.093 GC heap after
Heap after GC invocations=12 (full 2):
 PSYoungGen      total 154112K, used 0K [0x00000000eae00000, 0x00000000f5000000, 0x0000000100000000)
  eden space 142336K, 0% used [0x00000000eae00000,0x00000000eae00000,0x00000000f3900000)
  from space 11776K, 0% used [0x00000000f4480000,0x00000000f4480000,0x00000000f5000000)
  to   space 11776K, 0% used [0x00000000f3900000,0x00000000f3900000,0x00000000f4480000)
 ParOldGen       total 57344K, used 18580K [0x00000000c0a00000, 0x00000000c4200000, 0x00000000eae00000)
  object space 57344K, 32% used [0x00000000c0a00000,0x00000000c1c25098,0x00000000c4200000)
 Metaspace       used 34016K, capacity 35296K, committed 35416K, reserved 1079296K
  class space    used 4381K, capacity 4650K, committed 4736K, reserved 1048576K
}
Event: 11.176 GC heap before
{Heap before GC invocations=13 (full 2):
 PSYoungGen      total 154112K, used 142336K [0x00000000eae00000, 0x00000000f5000000, 0x0000000100000000)
  eden space 142336K, 100% used [0x00000000eae00000,0x00000000f3900000,0x00000000f3900000)
  from space 11776K, 0% used [0x00000000f4480000,0x00000000f4480000,0x00000000f5000000)
  to   space 11776K, 0% used [0x00000000f3900000,0x00000000f3900000,0x00000000f4480000)
 ParOldGen       total 57344K, used 18580K [0x00000000c0a00000, 0x00000000c4200000, 0x00000000eae00000)
  object space 57344K, 32% used [0x00000000c0a00000,0x00000000c1c25098,0x00000000c4200000)
 Metaspace       used 37063K, capacity 38666K, committed 38872K, reserved 1083392K
  class space    used 4791K, capacity 5087K, committed 5120K, reserved 1048576K
Event: 11.184 GC heap after
Heap after GC invocations=13 (full 2):
 PSYoungGen      total 154112K, used 6392K [0x00000000eae00000, 0x00000000f7600000, 0x0000000100000000)
  eden space 142336K, 0% used [0x00000000eae00000,0x00000000eae00000,0x00000000f3900000)
  from space 11776K, 54% used [0x00000000f3900000,0x00000000f3f3e3a0,0x00000000f4480000)
  to   space 11264K, 0% used [0x00000000f6b00000,0x00000000f6b00000,0x00000000f7600000)
 ParOldGen       total 57344K, used 18588K [0x00000000c0a00000, 0x00000000c4200000, 0x00000000eae00000)
  object space 57344K, 32% used [0x00000000c0a00000,0x00000000c1c27098,0x00000000c4200000)
 Metaspace       used 37063K, capacity 38666K, committed 38872K, reserved 1083392K
  class space    used 4791K, capacity 5087K, committed 5120K, reserved 1048576K
}
Event: 12.139 GC heap before
{Heap before GC invocations=14 (full 2):
 PSYoungGen      total 154112K, used 148728K [0x00000000eae00000, 0x00000000f7600000, 0x0000000100000000)
  eden space 142336K, 100% used [0x00000000eae00000,0x00000000f3900000,0x00000000f3900000)
  from space 11776K, 54% used [0x00000000f3900000,0x00000000f3f3e3a0,0x00000000f4480000)
  to   space 11264K, 0% used [0x00000000f6b00000,0x00000000f6b00000,0x00000000f7600000)
 ParOldGen       total 57344K, used 18588K [0x00000000c0a00000, 0x00000000c4200000, 0x00000000eae00000)
  object space 57344K, 32% used [0x00000000c0a00000,0x00000000c1c27098,0x00000000c4200000)
 Metaspace       used 40178K, capacity 42060K, committed 42200K, reserved 1085440K
  class space    used 5210K, capacity 5544K, committed 5632K, reserved 1048576K
Event: 12.151 GC heap after
Heap after GC invocations=14 (full 2):
 PSYoungGen      total 192000K, used 11259K [0x00000000eae00000, 0x00000000f7980000, 0x0000000100000000)
  eden space 180736K, 0% used [0x00000000eae00000,0x00000000eae00000,0x00000000f5e80000)
  from space 11264K, 99% used [0x00000000f6b00000,0x00000000f75fec58,0x00000000f7600000)
  to   space 12800K, 0% used [0x00000000f5e80000,0x00000000f5e80000,0x00000000f6b00000)
 ParOldGen       total 57344K, used 18604K [0x00000000c0a00000, 0x00000000c4200000, 0x00000000eae00000)
  object space 57344K, 32% used [0x00000000c0a00000,0x00000000c1c2b098,0x00000000c4200000)
 Metaspace       used 40178K, capacity 42060K, committed 42200K, reserved 1085440K
  class space    used 5210K, capacity 5544K, committed 5632K, reserved 1048576K
}
Event: 13.988 GC heap before
{Heap before GC invocations=15 (full 2):
 PSYoungGen      total 192000K, used 191995K [0x00000000eae00000, 0x00000000f7980000, 0x0000000100000000)
  eden space 180736K, 100% used [0x00000000eae00000,0x00000000f5e80000,0x00000000f5e80000)
  from space 11264K, 99% used [0x00000000f6b00000,0x00000000f75fec58,0x00000000f7600000)
  to   space 12800K, 0% used [0x00000000f5e80000,0x00000000f5e80000,0x00000000f6b00000)
 ParOldGen       total 57344K, used 18604K [0x00000000c0a00000, 0x00000000c4200000, 0x00000000eae00000)
  object space 57344K, 32% used [0x00000000c0a00000,0x00000000c1c2b098,0x00000000c4200000)
 Metaspace       used 46867K, capacity 48996K, committed 49240K, reserved 1091584K
  class space    used 6138K, capacity 6524K, committed 6528K, reserved 1048576K
Event: 14.034 GC heap after
Heap after GC invocations=15 (full 2):
 PSYoungGen      total 193536K, used 11795K [0x00000000eae00000, 0x00000000fac80000, 0x0000000100000000)
  eden space 180736K, 0% used [0x00000000eae00000,0x00000000eae00000,0x00000000f5e80000)
  from space 12800K, 92% used [0x00000000f5e80000,0x00000000f6a04f20,0x00000000f6b00000)
  to   space 13824K, 0% used [0x00000000f9f00000,0x00000000f9f00000,0x00000000fac80000)
 ParOldGen       total 57344K, used 27402K [0x00000000c0a00000, 0x00000000c4200000, 0x00000000eae00000)
  object space 57344K, 47% used [0x00000000c0a00000,0x00000000c24c2ab8,0x00000000c4200000)
 Metaspace       used 46867K, capacity 48996K, committed 49240K, reserved 1091584K
  class space    used 6138K, capacity 6524K, committed 6528K, reserved 1048576K
}

