# JRE version: Java(TM) SE Runtime Environment (8.0_111-b14) (build 1.8.0_111-b14)
# Java VM: Java HotSpot(TM) 64-Bit Server VM (25.111-b14 mixed mode windows-amd64 compressed oops)
Heap:
 PSYoungGen      total 132608K, used 112469K [0x00000000eae00000, 0x00000000f3c80000, 0x0000000100000000)
  eden space 122368K, 91% used [0x00000000eae00000,0x00000000f1bd5500,0x00000000f2580000)
  from space 10240K, 0% used [0x00000000f3280000,0x00000000f3280000,0x00000000f3c80000)
  to   space 11776K, 0% used [0x00000000f2580000,0x00000000f2580000,0x00000000f3100000)
 ParOldGen       total 60416K, used 18830K [0x00000000c0a00000, 0x00000000c4500000, 0x00000000eae00000)
  object space 60416K, 31% used [0x00000000c0a00000,0x00000000c1c63a08,0x00000000c4500000)
 Metaspace       used 36724K, capacity 38350K, committed 38616K, reserved 1083392K
  class space    used 4746K, capacity 5049K, committed 5120K, reserved 1048576K
GC Heap History (10 events):
Event: 3.420 GC heap before
{Heap before GC invocations=8 (full 1):
 PSYoungGen      total 72192K, used 65024K [0x00000000eae00000, 0x00000000efd00000, 0x0000000100000000)
  eden space 65024K, 100% used [0x00000000eae00000,0x00000000eed80000,0x00000000eed80000)
  from space 7168K, 0% used [0x00000000ef500000,0x00000000ef500000,0x00000000efc00000)
  to   space 7680K, 0% used [0x00000000eed80000,0x00000000eed80000,0x00000000ef500000)
 ParOldGen       total 35328K, used 7102K [0x00000000c0a00000, 0x00000000c2c80000, 0x00000000eae00000)
  object space 35328K, 20% used [0x00000000c0a00000,0x00000000c10efa38,0x00000000c2c80000)
 Metaspace       used 25462K, capacity 26240K, committed 26624K, reserved 1073152K
  class space    used 3276K, capacity 3466K, committed 3584K, reserved 1048576K
Event: 3.427 GC heap after
Heap after GC invocations=8 (full 1):
 PSYoungGen      total 72704K, used 7250K [0x00000000eae00000, 0x00000000f1f80000, 0x0000000100000000)
  eden space 65024K, 0% used [0x00000000eae00000,0x00000000eae00000,0x00000000eed80000)
  from space 7680K, 94% used [0x00000000eed80000,0x00000000ef494988,0x00000000ef500000)
  to   space 8192K, 0% used [0x00000000f1780000,0x00000000f1780000,0x00000000f1f80000)
 ParOldGen       total 35328K, used 7110K [0x00000000c0a00000, 0x00000000c2c80000, 0x00000000eae00000)
  object space 35328K, 20% used [0x00000000c0a00000,0x00000000c10f1a38,0x00000000c2c80000)
 Metaspace       used 25462K, capacity 26240K, committed 26624K, reserved 1073152K
  class space    used 3276K, capacity 3466K, committed 3584K, reserved 1048576K
}
Event: 5.346 GC heap before
{Heap before GC invocations=9 (full 1):
 PSYoungGen      total 72704K, used 72274K [0x00000000eae00000, 0x00000000f1f80000, 0x0000000100000000)
  eden space 65024K, 100% used [0x00000000eae00000,0x00000000eed80000,0x00000000eed80000)
  from space 7680K, 94% used [0x00000000eed80000,0x00000000ef494988,0x00000000ef500000)
  to   space 8192K, 0% used [0x00000000f1780000,0x00000000f1780000,0x00000000f1f80000)
 ParOldGen       total 35328K, used 7110K [0x00000000c0a00000, 0x00000000c2c80000, 0x00000000eae00000)
  object space 35328K, 20% used [0x00000000c0a00000,0x00000000c10f1a38,0x00000000c2c80000)
 Metaspace       used 28247K, capacity 29218K, committed 29440K, reserved 1075200K
  class space    used 3637K, capacity 3839K, committed 3840K, reserved 1048576K
Event: 5.356 GC heap after
Heap after GC invocations=9 (full 1):
 PSYoungGen      total 104448K, used 8165K [0x00000000eae00000, 0x00000000f1f80000, 0x0000000100000000)
  eden space 96256K, 0% used [0x00000000eae00000,0x00000000eae00000,0x00000000f0c00000)
  from space 8192K, 99% used [0x00000000f1780000,0x00000000f1f79470,0x00000000f1f80000)
  to   space 9728K, 0% used [0x00000000f0c80000,0x00000000f0c80000,0x00000000f1600000)
 ParOldGen       total 35328K, used 7804K [0x00000000c0a00000, 0x00000000c2c80000, 0x00000000eae00000)
  object space 35328K, 22% used [0x00000000c0a00000,0x00000000c119f118,0x00000000c2c80000)
 Metaspace       used 28247K, capacity 29218K, committed 29440K, reserved 1075200K
  class space    used 3637K, capacity 3839K, committed 3840K, reserved 1048576K
}
Event: 6.060 GC heap before
{Heap before GC invocations=10 (full 1):
 PSYoungGen      total 104448K, used 104421K [0x00000000eae00000, 0x00000000f1f80000, 0x0000000100000000)
  eden space 96256K, 100% used [0x00000000eae00000,0x00000000f0c00000,0x00000000f0c00000)
  from space 8192K, 99% used [0x00000000f1780000,0x00000000f1f79470,0x00000000f1f80000)
  to   space 9728K, 0% used [0x00000000f0c80000,0x00000000f0c80000,0x00000000f1600000)
 ParOldGen       total 35328K, used 7804K [0x00000000c0a00000, 0x00000000c2c80000, 0x00000000eae00000)
  object space 35328K, 22% used [0x00000000c0a00000,0x00000000c119f118,0x00000000c2c80000)
 Metaspace       used 31833K, capacity 32860K, committed 33024K, reserved 1077248K
  class space    used 4105K, capacity 4340K, committed 4352K, reserved 1048576K
Event: 6.071 GC heap after
Heap after GC invocations=10 (full 1):
 PSYoungGen      total 106496K, used 9698K [0x00000000eae00000, 0x00000000f3e80000, 0x0000000100000000)
  eden space 96768K, 0% used [0x00000000eae00000,0x00000000eae00000,0x00000000f0c80000)
  from space 9728K, 99% used [0x00000000f0c80000,0x00000000f15f8a80,0x00000000f1600000)
  to   space 12288K, 0% used [0x00000000f3280000,0x00000000f3280000,0x00000000f3e80000)
 ParOldGen       total 35328K, used 10553K [0x00000000c0a00000, 0x00000000c2c80000, 0x00000000eae00000)
  object space 35328K, 29% used [0x00000000c0a00000,0x00000000c144e7c8,0x00000000c2c80000)
 Metaspace       used 31833K, capacity 32860K, committed 33024K, reserved 1077248K
  class space    used 4105K, capacity 4340K, committed 4352K, reserved 1048576K
}
Event: 7.071 GC heap before
{Heap before GC invocations=11 (full 1):
 PSYoungGen      total 106496K, used 58935K [0x00000000eae00000, 0x00000000f3e80000, 0x0000000100000000)
  eden space 96768K, 50% used [0x00000000eae00000,0x00000000ede15438,0x00000000f0c80000)
  from space 9728K, 99% used [0x00000000f0c80000,0x00000000f15f8a80,0x00000000f1600000)
  to   space 12288K, 0% used [0x00000000f3280000,0x00000000f3280000,0x00000000f3e80000)
 ParOldGen       total 35328K, used 10553K [0x00000000c0a00000, 0x00000000c2c80000, 0x00000000eae00000)
  object space 35328K, 29% used [0x00000000c0a00000,0x00000000c144e7c8,0x00000000c2c80000)
 Metaspace       used 33950K, capacity 35292K, committed 35416K, reserved 1079296K
  class space    used 4377K, capacity 4650K, committed 4736K, reserved 1048576K
Event: 7.081 GC heap after
Heap after GC invocations=11 (full 1):
 PSYoungGen      total 132608K, used 6628K [0x00000000eae00000, 0x00000000f3c80000, 0x0000000100000000)
  eden space 122368K, 0% used [0x00000000eae00000,0x00000000eae00000,0x00000000f2580000)
  from space 10240K, 64% used [0x00000000f3280000,0x00000000f38f9390,0x00000000f3c80000)
  to   space 11776K, 0% used [0x00000000f2580000,0x00000000f2580000,0x00000000f3100000)
 ParOldGen       total 35328K, used 16584K [0x00000000c0a00000, 0x00000000c2c80000, 0x00000000eae00000)
  object space 35328K, 46% used [0x00000000c0a00000,0x00000000c1a322a0,0x00000000c2c80000)
 Metaspace       used 33950K, capacity 35292K, committed 35416K, reserved 1079296K
  class space    used 4377K, capacity 4650K, committed 4736K, reserved 1048576K
}
Event: 7.081 GC heap before
{Heap before GC invocations=12 (full 2):
 PSYoungGen      total 132608K, used 6628K [0x00000000eae00000, 0x00000000f3c80000, 0x0000000100000000)
  eden space 122368K, 0% used [0x00000000eae00000,0x00000000eae00000,0x00000000f2580000)
  from space 10240K, 64% used [0x00000000f3280000,0x00000000f38f9390,0x00000000f3c80000)
  to   space 11776K, 0% used [0x00000000f2580000,0x00000000f2580000,0x00000000f3100000)
 ParOldGen       total 35328K, used 16584K [0x00000000c0a00000, 0x00000000c2c80000, 0x00000000eae00000)
  object space 35328K, 46% used [0x00000000c0a00000,0x00000000c1a322a0,0x00000000c2c80000)
 Metaspace       used 33950K, capacity 35292K, committed 35416K, reserved 1079296K
  class space    used 4377K, capacity 4650K, committed 4736K, reserved 1048576K
Event: 7.126 GC heap after
Heap after GC invocations=12 (full 2):
 PSYoungGen      total 132608K, used 0K [0x00000000eae00000, 0x00000000f3c80000, 0x0000000100000000)
  eden space 122368K, 0% used [0x00000000eae00000,0x00000000eae00000,0x00000000f2580000)
  from space 10240K, 0% used [0x00000000f3280000,0x00000000f3280000,0x00000000f3c80000)
  to   space 11776K, 0% used [0x00000000f2580000,0x00000000f2580000,0x00000000f3100000)
 ParOldGen       total 60416K, used 18830K [0x00000000c0a00000, 0x00000000c4500000, 0x00000000eae00000)
  object space 60416K, 31% used [0x00000000c0a00000,0x00000000c1c63a08,0x00000000c4500000)
 Metaspace       used 33950K, capacity 35292K, committed 35416K, reserved 1079296K
  class space    used 4377K, capacity 4650K, committed 4736K, reserved 1048576K
}

