# JRE version: Java(TM) SE Runtime Environment (8.0_111-b14) (build 1.8.0_111-b14)
# Java VM: Java HotSpot(TM) 64-Bit Server VM (25.111-b14 mixed mode windows-amd64 compressed oops)
Heap:
 PSYoungGen      total 206336K, used 154292K [0x00000000eae00000, 0x00000000f8280000, 0x0000000100000000)
  eden space 195072K, 73% used [0x00000000eae00000,0x00000000f39adc78,0x00000000f6c80000)
  from space 11264K, 99% used [0x00000000f6c80000,0x00000000f777f510,0x00000000f7780000)
  to   space 10752K, 0% used [0x00000000f7800000,0x00000000f7800000,0x00000000f8280000)
 ParOldGen       total 54784K, used 29351K [0x00000000c0a00000, 0x00000000c3f80000, 0x00000000eae00000)
  object space 54784K, 53% used [0x00000000c0a00000,0x00000000c26a9c00,0x00000000c3f80000)
 Metaspace       used 54576K, capacity 56994K, committed 57048K, reserved 1099776K
  class space    used 7227K, capacity 7637K, committed 7680K, reserved 1048576K
GC Heap History (10 events):
Event: 6.455 GC heap before
{Heap before GC invocations=11 (full 1):
 PSYoungGen      total 115200K, used 50081K [0x00000000eae00000, 0x00000000f5300000, 0x0000000100000000)
  eden space 105472K, 38% used [0x00000000eae00000,0x00000000ed56e240,0x00000000f1500000)
  from space 9728K, 99% used [0x00000000f1500000,0x00000000f1e7a270,0x00000000f1e80000)
  to   space 12288K, 0% used [0x00000000f4700000,0x00000000f4700000,0x00000000f5300000)
 ParOldGen       total 33280K, used 10794K [0x00000000c0a00000, 0x00000000c2a80000, 0x00000000eae00000)
  object space 33280K, 32% used [0x00000000c0a00000,0x00000000c148abd0,0x00000000c2a80000)
 Metaspace       used 34020K, capacity 35296K, committed 35416K, reserved 1079296K
  class space    used 4382K, capacity 4650K, committed 4736K, reserved 1048576K
Event: 6.469 GC heap after
Heap after GC invocations=11 (full 1):
 PSYoungGen      total 157184K, used 6653K [0x00000000eae00000, 0x00000000f5380000, 0x0000000100000000)
  eden space 144896K, 0% used [0x00000000eae00000,0x00000000eae00000,0x00000000f3b80000)
  from space 12288K, 54% used [0x00000000f4700000,0x00000000f4d7f420,0x00000000f5300000)
  to   space 11776K, 0% used [0x00000000f3b80000,0x00000000f3b80000,0x00000000f4700000)
 ParOldGen       total 33280K, used 16831K [0x00000000c0a00000, 0x00000000c2a80000, 0x00000000eae00000)
  object space 33280K, 50% used [0x00000000c0a00000,0x00000000c1a6fef8,0x00000000c2a80000)
 Metaspace       used 34020K, capacity 35296K, committed 35416K, reserved 1079296K
  class space    used 4382K, capacity 4650K, committed 4736K, reserved 1048576K
}
Event: 6.469 GC heap before
{Heap before GC invocations=12 (full 2):
 PSYoungGen      total 157184K, used 6653K [0x00000000eae00000, 0x00000000f5380000, 0x0000000100000000)
  eden space 144896K, 0% used [0x00000000eae00000,0x00000000eae00000,0x00000000f3b80000)
  from space 12288K, 54% used [0x00000000f4700000,0x00000000f4d7f420,0x00000000f5300000)
  to   space 11776K, 0% used [0x00000000f3b80000,0x00000000f3b80000,0x00000000f4700000)
 ParOldGen       total 33280K, used 16831K [0x00000000c0a00000, 0x00000000c2a80000, 0x00000000eae00000)
  object space 33280K, 50% used [0x00000000c0a00000,0x00000000c1a6fef8,0x00000000c2a80000)
 Metaspace       used 34020K, capacity 35296K, committed 35416K, reserved 1079296K
  class space    used 4382K, capacity 4650K, committed 4736K, reserved 1048576K
Event: 6.519 GC heap after
Heap after GC invocations=12 (full 2):
 PSYoungGen      total 157184K, used 0K [0x00000000eae00000, 0x00000000f5380000, 0x0000000100000000)
  eden space 144896K, 0% used [0x00000000eae00000,0x00000000eae00000,0x00000000f3b80000)
  from space 12288K, 0% used [0x00000000f4700000,0x00000000f4700000,0x00000000f5300000)
  to   space 11776K, 0% used [0x00000000f3b80000,0x00000000f3b80000,0x00000000f4700000)
 ParOldGen       total 54784K, used 18888K [0x00000000c0a00000, 0x00000000c3f80000, 0x00000000eae00000)
  object space 54784K, 34% used [0x00000000c0a00000,0x00000000c1c720e0,0x00000000c3f80000)
 Metaspace       used 34020K, capacity 35296K, committed 35416K, reserved 1079296K
  class space    used 4382K, capacity 4650K, committed 4736K, reserved 1048576K
}
Event: 10.318 GC heap before
{Heap before GC invocations=13 (full 2):
 PSYoungGen      total 157184K, used 144896K [0x00000000eae00000, 0x00000000f5380000, 0x0000000100000000)
  eden space 144896K, 100% used [0x00000000eae00000,0x00000000f3b80000,0x00000000f3b80000)
  from space 12288K, 0% used [0x00000000f4700000,0x00000000f4700000,0x00000000f5300000)
  to   space 11776K, 0% used [0x00000000f3b80000,0x00000000f3b80000,0x00000000f4700000)
 ParOldGen       total 54784K, used 18888K [0x00000000c0a00000, 0x00000000c3f80000, 0x00000000eae00000)
  object space 54784K, 34% used [0x00000000c0a00000,0x00000000c1c720e0,0x00000000c3f80000)
 Metaspace       used 37107K, capacity 38726K, committed 38872K, reserved 1083392K
  class space    used 4794K, capacity 5087K, committed 5120K, reserved 1048576K
Event: 10.326 GC heap after
Heap after GC invocations=13 (full 2):
 PSYoungGen      total 156672K, used 6404K [0x00000000eae00000, 0x00000000f8300000, 0x0000000100000000)
  eden space 144896K, 0% used [0x00000000eae00000,0x00000000eae00000,0x00000000f3b80000)
  from space 11776K, 54% used [0x00000000f3b80000,0x00000000f41c1160,0x00000000f4700000)
  to   space 11264K, 0% used [0x00000000f7800000,0x00000000f7800000,0x00000000f8300000)
 ParOldGen       total 54784K, used 18896K [0x00000000c0a00000, 0x00000000c3f80000, 0x00000000eae00000)
  object space 54784K, 34% used [0x00000000c0a00000,0x00000000c1c740e0,0x00000000c3f80000)
 Metaspace       used 37107K, capacity 38726K, committed 38872K, reserved 1083392K
  class space    used 4794K, capacity 5087K, committed 5120K, reserved 1048576K
}
Event: 11.233 GC heap before
{Heap before GC invocations=14 (full 2):
 PSYoungGen      total 156672K, used 151300K [0x00000000eae00000, 0x00000000f8300000, 0x0000000100000000)
  eden space 144896K, 100% used [0x00000000eae00000,0x00000000f3b80000,0x00000000f3b80000)
  from space 11776K, 54% used [0x00000000f3b80000,0x00000000f41c1160,0x00000000f4700000)
  to   space 11264K, 0% used [0x00000000f7800000,0x00000000f7800000,0x00000000f8300000)
 ParOldGen       total 54784K, used 18896K [0x00000000c0a00000, 0x00000000c3f80000, 0x00000000eae00000)
  object space 54784K, 34% used [0x00000000c0a00000,0x00000000c1c740e0,0x00000000c3f80000)
 Metaspace       used 40250K, capacity 42058K, committed 42200K, reserved 1085440K
  class space    used 5216K, capacity 5545K, committed 5632K, reserved 1048576K
Event: 11.247 GC heap after
Heap after GC invocations=14 (full 2):
 PSYoungGen      total 205824K, used 7022K [0x00000000eae00000, 0x00000000f8280000, 0x0000000100000000)
  eden space 195072K, 0% used [0x00000000eae00000,0x00000000eae00000,0x00000000f6c80000)
  from space 10752K, 65% used [0x00000000f7800000,0x00000000f7edb880,0x00000000f8280000)
  to   space 11264K, 0% used [0x00000000f6c80000,0x00000000f6c80000,0x00000000f7780000)
 ParOldGen       total 54784K, used 23238K [0x00000000c0a00000, 0x00000000c3f80000, 0x00000000eae00000)
  object space 54784K, 42% used [0x00000000c0a00000,0x00000000c20b1ae0,0x00000000c3f80000)
 Metaspace       used 40250K, capacity 42058K, committed 42200K, reserved 1085440K
  class space    used 5216K, capacity 5545K, committed 5632K, reserved 1048576K
}
Event: 12.813 GC heap before
{Heap before GC invocations=15 (full 2):
 PSYoungGen      total 205824K, used 202094K [0x00000000eae00000, 0x00000000f8280000, 0x0000000100000000)
  eden space 195072K, 100% used [0x00000000eae00000,0x00000000f6c80000,0x00000000f6c80000)
  from space 10752K, 65% used [0x00000000f7800000,0x00000000f7edb880,0x00000000f8280000)
  to   space 11264K, 0% used [0x00000000f6c80000,0x00000000f6c80000,0x00000000f7780000)
 ParOldGen       total 54784K, used 23238K [0x00000000c0a00000, 0x00000000c3f80000, 0x00000000eae00000)
  object space 54784K, 42% used [0x00000000c0a00000,0x00000000c20b1ae0,0x00000000c3f80000)
 Metaspace       used 47729K, capacity 49906K, committed 50136K, reserved 1093632K
  class space    used 6269K, capacity 6655K, committed 6656K, reserved 1048576K
Event: 12.839 GC heap after
Heap after GC invocations=15 (full 2):
 PSYoungGen      total 206336K, used 11261K [0x00000000eae00000, 0x00000000f8280000, 0x0000000100000000)
  eden space 195072K, 0% used [0x00000000eae00000,0x00000000eae00000,0x00000000f6c80000)
  from space 11264K, 99% used [0x00000000f6c80000,0x00000000f777f510,0x00000000f7780000)
  to   space 10752K, 0% used [0x00000000f7800000,0x00000000f7800000,0x00000000f8280000)
 ParOldGen       total 54784K, used 29351K [0x00000000c0a00000, 0x00000000c3f80000, 0x00000000eae00000)
  object space 54784K, 53% used [0x00000000c0a00000,0x00000000c26a9c00,0x00000000c3f80000)
 Metaspace       used 47729K, capacity 49906K, committed 50136K, reserved 1093632K
  class space    used 6269K, capacity 6655K, committed 6656K, reserved 1048576K
}

